[2025-01-19 03:25:42] local.ERROR: Database file at path [C:\Users\Foliv\OneDrive\Documents\GitHub\Figurer\Figurer\database\database.sqlite] does not exist. Ensure this is an absolute path to the database. (Connection: sqlite, SQL: select exists (select 1 from sqlite_master where name = 'migrations' and type = 'table') as "exists") {"exception":"[object] (Illuminate\\Database\\QueryException(code: 0): Database file at path [C:\\Users\\Foliv\\OneDrive\\Documents\\GitHub\\Figurer\\Figurer\\database\\database.sqlite] does not exist. Ensure this is an absolute path to the database. (Connection: sqlite, SQL: select exists (select 1 from sqlite_master where name = 'migrations' and type = 'table') as \"exists\") at C:\\Users\\Foliv\\OneDrive\\Documents\\GitHub\\Figurer\\vendor\\laravel\\framework\\src\\Illuminate\\Database\\Connection.php:825)
[stacktrace]
#0 C:\\Users\\Foliv\\OneDrive\\Documents\\GitHub\\Figurer\\vendor\\laravel\\framework\\src\\Illuminate\\Database\\Connection.php(779): Illuminate\\Database\\Connection->runQueryCallback()
#1 C:\\Users\\Foliv\\OneDrive\\Documents\\GitHub\\Figurer\\vendor\\laravel\\framework\\src\\Illuminate\\Database\\Connection.php(398): Illuminate\\Database\\Connection->run()
#2 C:\\Users\\Foliv\\OneDrive\\Documents\\GitHub\\Figurer\\vendor\\laravel\\framework\\src\\Illuminate\\Database\\Connection.php(344): Illuminate\\Database\\Connection->select()
#3 C:\\Users\\Foliv\\OneDrive\\Documents\\GitHub\\Figurer\\vendor\\laravel\\framework\\src\\Illuminate\\Database\\Connection.php(361): Illuminate\\Database\\Connection->selectOne()
#4 C:\\Users\\Foliv\\OneDrive\\Documents\\GitHub\\Figurer\\vendor\\laravel\\framework\\src\\Illuminate\\Database\\Schema\\SQLiteBuilder.php(44): Illuminate\\Database\\Connection->scalar()
#5 C:\\Users\\Foliv\\OneDrive\\Documents\\GitHub\\Figurer\\vendor\\laravel\\framework\\src\\Illuminate\\Database\\Migrations\\DatabaseMigrationRepository.php(184): Illuminate\\Database\\Schema\\SQLiteBuilder->hasTable()
#6 C:\\Users\\Foliv\\OneDrive\\Documents\\GitHub\\Figurer\\vendor\\laravel\\framework\\src\\Illuminate\\Database\\Migrations\\Migrator.php(681): Illuminate\\Database\\Migrations\\DatabaseMigrationRepository->repositoryExists()
#7 C:\\Users\\Foliv\\OneDrive\\Documents\\GitHub\\Figurer\\vendor\\laravel\\framework\\src\\Illuminate\\Database\\Console\\Migrations\\MigrateCommand.php(164): Illuminate\\Database\\Migrations\\Migrator->repositoryExists()
#8 C:\\Users\\Foliv\\OneDrive\\Documents\\GitHub\\Figurer\\vendor\\laravel\\framework\\src\\Illuminate\\Support\\helpers.php(338): Illuminate\\Database\\Console\\Migrations\\MigrateCommand->{closure:Illuminate\\Database\\Console\\Migrations\\MigrateCommand::repositoryExists():164}()
#9 C:\\Users\\Foliv\\OneDrive\\Documents\\GitHub\\Figurer\\vendor\\laravel\\framework\\src\\Illuminate\\Database\\Console\\Migrations\\MigrateCommand.php(164): retry()
#10 C:\\Users\\Foliv\\OneDrive\\Documents\\GitHub\\Figurer\\vendor\\laravel\\framework\\src\\Illuminate\\Database\\Console\\Migrations\\MigrateCommand.php(140): Illuminate\\Database\\Console\\Migrations\\MigrateCommand->repositoryExists()
#11 C:\\Users\\Foliv\\OneDrive\\Documents\\GitHub\\Figurer\\vendor\\laravel\\framework\\src\\Illuminate\\Database\\Console\\Migrations\\MigrateCommand.php(110): Illuminate\\Database\\Console\\Migrations\\MigrateCommand->prepareDatabase()
#12 C:\\Users\\Foliv\\OneDrive\\Documents\\GitHub\\Figurer\\vendor\\laravel\\framework\\src\\Illuminate\\Database\\Migrations\\Migrator.php(616): Illuminate\\Database\\Console\\Migrations\\MigrateCommand->{closure:Illuminate\\Database\\Console\\Migrations\\MigrateCommand::runMigrations():109}()
#13 C:\\Users\\Foliv\\OneDrive\\Documents\\GitHub\\Figurer\\vendor\\laravel\\framework\\src\\Illuminate\\Database\\Console\\Migrations\\MigrateCommand.php(109): Illuminate\\Database\\Migrations\\Migrator->usingConnection()
#14 C:\\Users\\Foliv\\OneDrive\\Documents\\GitHub\\Figurer\\vendor\\laravel\\framework\\src\\Illuminate\\Database\\Console\\Migrations\\MigrateCommand.php(88): Illuminate\\Database\\Console\\Migrations\\MigrateCommand->runMigrations()
#15 C:\\Users\\Foliv\\OneDrive\\Documents\\GitHub\\Figurer\\vendor\\laravel\\framework\\src\\Illuminate\\Container\\BoundMethod.php(36): Illuminate\\Database\\Console\\Migrations\\MigrateCommand->handle()
#16 C:\\Users\\Foliv\\OneDrive\\Documents\\GitHub\\Figurer\\vendor\\laravel\\framework\\src\\Illuminate\\Container\\Util.php(43): Illuminate\\Container\\BoundMethod::{closure:Illuminate\\Container\\BoundMethod::call():35}()
#17 C:\\Users\\Foliv\\OneDrive\\Documents\\GitHub\\Figurer\\vendor\\laravel\\framework\\src\\Illuminate\\Container\\BoundMethod.php(95): Illuminate\\Container\\Util::unwrapIfClosure()
#18 C:\\Users\\Foliv\\OneDrive\\Documents\\GitHub\\Figurer\\vendor\\laravel\\framework\\src\\Illuminate\\Container\\BoundMethod.php(35): Illuminate\\Container\\BoundMethod::callBoundMethod()
#19 C:\\Users\\Foliv\\OneDrive\\Documents\\GitHub\\Figurer\\vendor\\laravel\\framework\\src\\Illuminate\\Container\\Container.php(694): Illuminate\\Container\\BoundMethod::call()
#20 C:\\Users\\Foliv\\OneDrive\\Documents\\GitHub\\Figurer\\vendor\\laravel\\framework\\src\\Illuminate\\Console\\Command.php(213): Illuminate\\Container\\Container->call()
#21 C:\\Users\\Foliv\\OneDrive\\Documents\\GitHub\\Figurer\\vendor\\symfony\\console\\Command\\Command.php(279): Illuminate\\Console\\Command->execute()
#22 C:\\Users\\Foliv\\OneDrive\\Documents\\GitHub\\Figurer\\vendor\\laravel\\framework\\src\\Illuminate\\Console\\Command.php(182): Symfony\\Component\\Console\\Command\\Command->run()
#23 C:\\Users\\Foliv\\OneDrive\\Documents\\GitHub\\Figurer\\vendor\\symfony\\console\\Application.php(1094): Illuminate\\Console\\Command->run()
#24 C:\\Users\\Foliv\\OneDrive\\Documents\\GitHub\\Figurer\\vendor\\symfony\\console\\Application.php(342): Symfony\\Component\\Console\\Application->doRunCommand()
#25 C:\\Users\\Foliv\\OneDrive\\Documents\\GitHub\\Figurer\\vendor\\symfony\\console\\Application.php(193): Symfony\\Component\\Console\\Application->doRun()
#26 C:\\Users\\Foliv\\OneDrive\\Documents\\GitHub\\Figurer\\vendor\\laravel\\framework\\src\\Illuminate\\Foundation\\Console\\Kernel.php(198): Symfony\\Component\\Console\\Application->run()
#27 C:\\Users\\Foliv\\OneDrive\\Documents\\GitHub\\Figurer\\vendor\\laravel\\framework\\src\\Illuminate\\Foundation\\Application.php(1208): Illuminate\\Foundation\\Console\\Kernel->handle()
#28 C:\\Users\\Foliv\\OneDrive\\Documents\\GitHub\\Figurer\\artisan(13): Illuminate\\Foundation\\Application->handleCommand()
#29 {main}

[previous exception] [object] (Illuminate\\Database\\SQLiteDatabaseDoesNotExistException(code: 0): Database file at path [C:\\Users\\Foliv\\OneDrive\\Documents\\GitHub\\Figurer\\Figurer\\database\\database.sqlite] does not exist. Ensure this is an absolute path to the database. at C:\\Users\\Foliv\\OneDrive\\Documents\\GitHub\\Figurer\\vendor\\laravel\\framework\\src\\Illuminate\\Database\\Connectors\\SQLiteConnector.php:37)
[stacktrace]
#0 C:\\Users\\Foliv\\OneDrive\\Documents\\GitHub\\Figurer\\vendor\\laravel\\framework\\src\\Illuminate\\Database\\Connectors\\ConnectionFactory.php(224): Illuminate\\Database\\Connectors\\SQLiteConnector->connect()
#1 [internal function]: Illuminate\\Database\\Connectors\\ConnectionFactory->{closure:Illuminate\\Database\\Connectors\\ConnectionFactory::createPdoResolverWithoutHosts():224}()
#2 C:\\Users\\Foliv\\OneDrive\\Documents\\GitHub\\Figurer\\vendor\\laravel\\framework\\src\\Illuminate\\Database\\Connection.php(1231): call_user_func()
#3 C:\\Users\\Foliv\\OneDrive\\Documents\\GitHub\\Figurer\\vendor\\laravel\\framework\\src\\Illuminate\\Database\\Connection.php(1267): Illuminate\\Database\\Connection->getPdo()
#4 C:\\Users\\Foliv\\OneDrive\\Documents\\GitHub\\Figurer\\vendor\\laravel\\framework\\src\\Illuminate\\Database\\Connection.php(512): Illuminate\\Database\\Connection->getReadPdo()
#5 C:\\Users\\Foliv\\OneDrive\\Documents\\GitHub\\Figurer\\vendor\\laravel\\framework\\src\\Illuminate\\Database\\Connection.php(407): Illuminate\\Database\\Connection->getPdoForSelect()
#6 C:\\Users\\Foliv\\OneDrive\\Documents\\GitHub\\Figurer\\vendor\\laravel\\framework\\src\\Illuminate\\Database\\Connection.php(812): Illuminate\\Database\\Connection->{closure:Illuminate\\Database\\Connection::select():398}()
#7 C:\\Users\\Foliv\\OneDrive\\Documents\\GitHub\\Figurer\\vendor\\laravel\\framework\\src\\Illuminate\\Database\\Connection.php(779): Illuminate\\Database\\Connection->runQueryCallback()
#8 C:\\Users\\Foliv\\OneDrive\\Documents\\GitHub\\Figurer\\vendor\\laravel\\framework\\src\\Illuminate\\Database\\Connection.php(398): Illuminate\\Database\\Connection->run()
#9 C:\\Users\\Foliv\\OneDrive\\Documents\\GitHub\\Figurer\\vendor\\laravel\\framework\\src\\Illuminate\\Database\\Connection.php(344): Illuminate\\Database\\Connection->select()
#10 C:\\Users\\Foliv\\OneDrive\\Documents\\GitHub\\Figurer\\vendor\\laravel\\framework\\src\\Illuminate\\Database\\Connection.php(361): Illuminate\\Database\\Connection->selectOne()
#11 C:\\Users\\Foliv\\OneDrive\\Documents\\GitHub\\Figurer\\vendor\\laravel\\framework\\src\\Illuminate\\Database\\Schema\\SQLiteBuilder.php(44): Illuminate\\Database\\Connection->scalar()
#12 C:\\Users\\Foliv\\OneDrive\\Documents\\GitHub\\Figurer\\vendor\\laravel\\framework\\src\\Illuminate\\Database\\Migrations\\DatabaseMigrationRepository.php(184): Illuminate\\Database\\Schema\\SQLiteBuilder->hasTable()
#13 C:\\Users\\Foliv\\OneDrive\\Documents\\GitHub\\Figurer\\vendor\\laravel\\framework\\src\\Illuminate\\Database\\Migrations\\Migrator.php(681): Illuminate\\Database\\Migrations\\DatabaseMigrationRepository->repositoryExists()
#14 C:\\Users\\Foliv\\OneDrive\\Documents\\GitHub\\Figurer\\vendor\\laravel\\framework\\src\\Illuminate\\Database\\Console\\Migrations\\MigrateCommand.php(164): Illuminate\\Database\\Migrations\\Migrator->repositoryExists()
#15 C:\\Users\\Foliv\\OneDrive\\Documents\\GitHub\\Figurer\\vendor\\laravel\\framework\\src\\Illuminate\\Support\\helpers.php(338): Illuminate\\Database\\Console\\Migrations\\MigrateCommand->{closure:Illuminate\\Database\\Console\\Migrations\\MigrateCommand::repositoryExists():164}()
#16 C:\\Users\\Foliv\\OneDrive\\Documents\\GitHub\\Figurer\\vendor\\laravel\\framework\\src\\Illuminate\\Database\\Console\\Migrations\\MigrateCommand.php(164): retry()
#17 C:\\Users\\Foliv\\OneDrive\\Documents\\GitHub\\Figurer\\vendor\\laravel\\framework\\src\\Illuminate\\Database\\Console\\Migrations\\MigrateCommand.php(140): Illuminate\\Database\\Console\\Migrations\\MigrateCommand->repositoryExists()
#18 C:\\Users\\Foliv\\OneDrive\\Documents\\GitHub\\Figurer\\vendor\\laravel\\framework\\src\\Illuminate\\Database\\Console\\Migrations\\MigrateCommand.php(110): Illuminate\\Database\\Console\\Migrations\\MigrateCommand->prepareDatabase()
#19 C:\\Users\\Foliv\\OneDrive\\Documents\\GitHub\\Figurer\\vendor\\laravel\\framework\\src\\Illuminate\\Database\\Migrations\\Migrator.php(616): Illuminate\\Database\\Console\\Migrations\\MigrateCommand->{closure:Illuminate\\Database\\Console\\Migrations\\MigrateCommand::runMigrations():109}()
#20 C:\\Users\\Foliv\\OneDrive\\Documents\\GitHub\\Figurer\\vendor\\laravel\\framework\\src\\Illuminate\\Database\\Console\\Migrations\\MigrateCommand.php(109): Illuminate\\Database\\Migrations\\Migrator->usingConnection()
#21 C:\\Users\\Foliv\\OneDrive\\Documents\\GitHub\\Figurer\\vendor\\laravel\\framework\\src\\Illuminate\\Database\\Console\\Migrations\\MigrateCommand.php(88): Illuminate\\Database\\Console\\Migrations\\MigrateCommand->runMigrations()
#22 C:\\Users\\Foliv\\OneDrive\\Documents\\GitHub\\Figurer\\vendor\\laravel\\framework\\src\\Illuminate\\Container\\BoundMethod.php(36): Illuminate\\Database\\Console\\Migrations\\MigrateCommand->handle()
#23 C:\\Users\\Foliv\\OneDrive\\Documents\\GitHub\\Figurer\\vendor\\laravel\\framework\\src\\Illuminate\\Container\\Util.php(43): Illuminate\\Container\\BoundMethod::{closure:Illuminate\\Container\\BoundMethod::call():35}()
#24 C:\\Users\\Foliv\\OneDrive\\Documents\\GitHub\\Figurer\\vendor\\laravel\\framework\\src\\Illuminate\\Container\\BoundMethod.php(95): Illuminate\\Container\\Util::unwrapIfClosure()
#25 C:\\Users\\Foliv\\OneDrive\\Documents\\GitHub\\Figurer\\vendor\\laravel\\framework\\src\\Illuminate\\Container\\BoundMethod.php(35): Illuminate\\Container\\BoundMethod::callBoundMethod()
#26 C:\\Users\\Foliv\\OneDrive\\Documents\\GitHub\\Figurer\\vendor\\laravel\\framework\\src\\Illuminate\\Container\\Container.php(694): Illuminate\\Container\\BoundMethod::call()
#27 C:\\Users\\Foliv\\OneDrive\\Documents\\GitHub\\Figurer\\vendor\\laravel\\framework\\src\\Illuminate\\Console\\Command.php(213): Illuminate\\Container\\Container->call()
#28 C:\\Users\\Foliv\\OneDrive\\Documents\\GitHub\\Figurer\\vendor\\symfony\\console\\Command\\Command.php(279): Illuminate\\Console\\Command->execute()
#29 C:\\Users\\Foliv\\OneDrive\\Documents\\GitHub\\Figurer\\vendor\\laravel\\framework\\src\\Illuminate\\Console\\Command.php(182): Symfony\\Component\\Console\\Command\\Command->run()
#30 C:\\Users\\Foliv\\OneDrive\\Documents\\GitHub\\Figurer\\vendor\\symfony\\console\\Application.php(1094): Illuminate\\Console\\Command->run()
#31 C:\\Users\\Foliv\\OneDrive\\Documents\\GitHub\\Figurer\\vendor\\symfony\\console\\Application.php(342): Symfony\\Component\\Console\\Application->doRunCommand()
#32 C:\\Users\\Foliv\\OneDrive\\Documents\\GitHub\\Figurer\\vendor\\symfony\\console\\Application.php(193): Symfony\\Component\\Console\\Application->doRun()
#33 C:\\Users\\Foliv\\OneDrive\\Documents\\GitHub\\Figurer\\vendor\\laravel\\framework\\src\\Illuminate\\Foundation\\Console\\Kernel.php(198): Symfony\\Component\\Console\\Application->run()
#34 C:\\Users\\Foliv\\OneDrive\\Documents\\GitHub\\Figurer\\vendor\\laravel\\framework\\src\\Illuminate\\Foundation\\Application.php(1208): Illuminate\\Foundation\\Console\\Kernel->handle()
#35 C:\\Users\\Foliv\\OneDrive\\Documents\\GitHub\\Figurer\\artisan(13): Illuminate\\Foundation\\Application->handleCommand()
#36 {main}
"} 
